<!DOCTYPE html>
<html>
<head>
<meta http-equiv="Content-Type" content="text/html; charset=utf-8"/>
<meta http-equiv="x-ua-compatible" content="IE=edge"/>
<title>Test results - AndroidTests</title>
<link href="../css/base-style.css" rel="stylesheet" type="text/css"/>
<link href="../css/style.css" rel="stylesheet" type="text/css"/>
<script src="../js/report.js" type="text/javascript"></script>
</head>
<body>
<div id="content">
<h1>AndroidTests</h1>
<div class="breadcrumbs">
<a href="../index.html">all</a> &gt; 
<a href="../packages/tests.html">tests</a> &gt; AndroidTests</div>
<div id="summary">
<table>
<tr>
<td>
<div class="summaryGroup">
<table>
<tr>
<td>
<div class="infoBox" id="tests">
<div class="counter">3</div>
<p>tests</p>
</div>
</td>
<td>
<div class="infoBox" id="failures">
<div class="counter">0</div>
<p>failures</p>
</div>
</td>
<td>
<div class="infoBox" id="ignored">
<div class="counter">0</div>
<p>ignored</p>
</div>
</td>
<td>
<div class="infoBox" id="duration">
<div class="counter">1m38.12s</div>
<p>duration</p>
</div>
</td>
</tr>
</table>
</div>
</td>
<td>
<div class="infoBox success" id="successRate">
<div class="percent">100%</div>
<p>successful</p>
</div>
</td>
</tr>
</table>
</div>
<div id="tabs">
<ul class="tabLinks">
<li>
<a href="#tab0">Tests</a>
</li>
<li>
<a href="#tab1">Standard output</a>
</li>
<li>
<a href="#tab2">Standard error</a>
</li>
</ul>
<div id="tab0" class="tab">
<h2>Tests</h2>
<table>
<thead>
<tr>
<th>Test</th>
<th>Method name</th>
<th>Duration</th>
<th>Result</th>
</tr>
</thead>
<tr>
<td class="success">Поиск страницы Microsoft, проверка на странице</td>
<td class="success">checkDescriptionTest()</td>
<td class="success">34.329s</td>
<td class="success">passed</td>
</tr>
<tr>
<td class="success">Открытие страницы настроек</td>
<td class="success">openSettingPage()</td>
<td class="success">31.631s</td>
<td class="success">passed</td>
</tr>
<tr>
<td class="success">Поиск страницы BrowserStack</td>
<td class="success">searchTest()</td>
<td class="success">32.155s</td>
<td class="success">passed</td>
</tr>
</table>
</div>
<div id="tab1" class="tab">
<h2>Standard output</h2>
<span class="code">
<pre>Request method:	GET
Request URI:	https://api.browserstack.com/app-automate/sessions/f88dfcd92a14fb13fefcbc3649a2b5c5fe3f4661.json
Proxy:			&lt;none&gt;
Request params:	&lt;none&gt;
Query params:	&lt;none&gt;
Form params:	&lt;none&gt;
Path params:	&lt;none&gt;
Headers:		Accept=*/*
Cookies:		&lt;none&gt;
Multiparts:		&lt;none&gt;
Body:			&lt;none&gt;
HTTP/1.1 200 OK
Cache-Control: max-age=0, private, must-revalidate
Content-Type: application/json; charset=utf-8
Date: Thu, 02 Mar 2023 11:58:25 GMT
ETag: W/&quot;62b018405bb0468e3f3c1b18066272a2&quot;
Server: nginx
Set-Cookie: tracking_id=db8727bc-469a-4165-8727-c2f6585be63c; domain=.browserstack.com; path=/; expires=Thu, 02 Mar 2028 11:58:25 GMT
Status: 200 OK
Vary: Origin
X-Powered-By: Phusion Passenger
X-Request-Id: a1652934-37a7-409f-9a67-52f9e0c3b488
X-Runtime: 0.116124
X-UA-Compatible: IE=Edge,chrome=1
Content-Length: 2938
Connection: keep-alive

{
    &quot;automation_session&quot;: {
        &quot;name&quot;: &quot;first_test&quot;,
        &quot;duration&quot;: 26,
        &quot;os&quot;: &quot;android&quot;,
        &quot;os_version&quot;: &quot;11.0&quot;,
        &quot;browser_version&quot;: &quot;app&quot;,
        &quot;browser&quot;: null,
        &quot;device&quot;: &quot;Google Pixel 4&quot;,
        &quot;status&quot;: &quot;done&quot;,
        &quot;hashed_id&quot;: &quot;f88dfcd92a14fb13fefcbc3649a2b5c5fe3f4661&quot;,
        &quot;reason&quot;: &quot;CLIENT_STOPPED_SESSION&quot;,
        &quot;build_name&quot;: &quot;browserstack-build-1&quot;,
        &quot;project_name&quot;: &quot;First Java Project&quot;,
        &quot;build_hashed_id&quot;: &quot;c3e5264366567de36a8afe4e763ea800a4b24318&quot;,
        &quot;logs&quot;: &quot;https://app-automate.browserstack.com/builds/c3e5264366567de36a8afe4e763ea800a4b24318/sessions/f88dfcd92a14fb13fefcbc3649a2b5c5fe3f4661/logs&quot;,
        &quot;browserstack_status&quot;: &quot;done&quot;,
        &quot;created_at&quot;: &quot;2023-03-02T11:57:56.000Z&quot;,
        &quot;browser_url&quot;: &quot;https://app-automate.browserstack.com/builds/c3e5264366567de36a8afe4e763ea800a4b24318/sessions/f88dfcd92a14fb13fefcbc3649a2b5c5fe3f4661&quot;,
        &quot;public_url&quot;: &quot;https://app-automate.browserstack.com/builds/c3e5264366567de36a8afe4e763ea800a4b24318/sessions/f88dfcd92a14fb13fefcbc3649a2b5c5fe3f4661?auth_token=403bb949fc8fa9e2fc1c6e862036e64bb840e76be5a1414857660b89c65a7b3d&quot;,
        &quot;video_url&quot;: &quot;https://app-automate.browserstack.com/sessions/f88dfcd92a14fb13fefcbc3649a2b5c5fe3f4661/video?token=TTF5Wi9JYjlycEh5aCs1S0w1TGdpRWpHSlJkWjV2TjE2emorTTVrMjJYN29oTmhpQXZJYlZRRTRrVGRUdVVXYmxFeG1wTlRTQUsyL3hVNEo2a3lnUlE9PS0tWlU5THZLOTFJK052azhwL3NiQjFhZz09--5bf3d68bab7c735c8fde9ceeb849145407648152&amp;source=rest_api&amp;diff=3.54559726&quot;,
        &quot;appium_logs_url&quot;: &quot;https://api.browserstack.com/app-automate/builds/c3e5264366567de36a8afe4e763ea800a4b24318/sessions/f88dfcd92a14fb13fefcbc3649a2b5c5fe3f4661/appiumlogs&quot;,
        &quot;device_logs_url&quot;: &quot;https://api.browserstack.com/app-automate/builds/c3e5264366567de36a8afe4e763ea800a4b24318/sessions/f88dfcd92a14fb13fefcbc3649a2b5c5fe3f4661/devicelogs&quot;,
        &quot;app_details&quot;: {
            &quot;app_url&quot;: &quot;bs://b208295bce9cf0b199cda8e9983b16a5a759bee0&quot;,
            &quot;app_name&quot;: &quot;org.wikipedia.alpha&quot;,
            &quot;app_version&quot;: &quot;2.7.50428-alpha-2023-02-10&quot;,
            &quot;app_custom_id&quot;: null,
            &quot;uploaded_at&quot;: &quot;2023-02-13T21:56:26.000Z&quot;
        },
        &quot;session_terminal_logs_url&quot;: &quot;https://app-automate.browserstack.com/s3-upload/bs-selenium-logs-use/s3/data/c3e5264366567de36a8afe4e763ea800a4b24318/f88dfcd92a14fb13fefcbc3649a2b5c5fe3f4661-terminal-logs.txt?response-content-type=text%2Fplain&amp;X-Amz-Algorithm=AWS4-HMAC-SHA256&amp;X-Amz-Credential=AKIA2XUQHUQMIXLNZJ22%2F20230302%2Fus-east-1%2Fs3%2Faws4_request&amp;X-Amz-Date=20230302T115825Z&amp;X-Amz-Expires=604800&amp;X-Amz-SignedHeaders=host&amp;X-Amz-Signature=aab7277c3134a40bca0960409a11a9e10d6275bf6ce2e425a8e2102e0261b984&quot;,
        &quot;build_terminal_logs_url&quot;: &quot;https://app-automate.browserstack.com/s3-upload/bs-selenium-logs-use/s3/data/c3e5264366567de36a8afe4e763ea800a4b24318/terminal-logs.txt?response-content-type=text%2Fplain&amp;X-Amz-Algorithm=AWS4-HMAC-SHA256&amp;X-Amz-Credential=AKIA2XUQHUQMIXLNZJ22%2F20230302%2Fus-east-1%2Fs3%2Faws4_request&amp;X-Amz-Date=20230302T115825Z&amp;X-Amz-Expires=604800&amp;X-Amz-SignedHeaders=host&amp;X-Amz-Signature=8fb5914effdb0d820d9605f533e19bea6aff019b0fe75776404ed96e8f4369ee&quot;
    }
}
Request method:	GET
Request URI:	https://api.browserstack.com/app-automate/sessions/7ce19c8eaf48925c8ee618b2f6e9c0653ccbbf41.json
Proxy:			&lt;none&gt;
Request params:	&lt;none&gt;
Query params:	&lt;none&gt;
Form params:	&lt;none&gt;
Path params:	&lt;none&gt;
Headers:		Accept=*/*
Cookies:		&lt;none&gt;
Multiparts:		&lt;none&gt;
Body:			&lt;none&gt;
HTTP/1.1 200 OK
Cache-Control: max-age=0, private, must-revalidate
Content-Type: application/json; charset=utf-8
Date: Thu, 02 Mar 2023 11:58:58 GMT
ETag: W/&quot;451b68f5d70b5302fc68e6e0aa99c9da&quot;
Server: nginx
Set-Cookie: tracking_id=64162a75-9c2d-48c8-ba2c-dd2ef46e003e; domain=.browserstack.com; path=/; expires=Thu, 02 Mar 2028 11:58:58 GMT
Status: 200 OK
Vary: Origin
X-Powered-By: Phusion Passenger
X-Request-Id: 1b402a03-06bc-42e4-adcf-64ce55f0a1d5
X-Runtime: 0.045837
X-UA-Compatible: IE=Edge,chrome=1
Content-Length: 2939
Connection: keep-alive

{
    &quot;automation_session&quot;: {
        &quot;name&quot;: &quot;first_test&quot;,
        &quot;duration&quot;: 29,
        &quot;os&quot;: &quot;android&quot;,
        &quot;os_version&quot;: &quot;11.0&quot;,
        &quot;browser_version&quot;: &quot;app&quot;,
        &quot;browser&quot;: null,
        &quot;device&quot;: &quot;Google Pixel 4&quot;,
        &quot;status&quot;: &quot;done&quot;,
        &quot;hashed_id&quot;: &quot;7ce19c8eaf48925c8ee618b2f6e9c0653ccbbf41&quot;,
        &quot;reason&quot;: &quot;CLIENT_STOPPED_SESSION&quot;,
        &quot;build_name&quot;: &quot;browserstack-build-1&quot;,
        &quot;project_name&quot;: &quot;First Java Project&quot;,
        &quot;build_hashed_id&quot;: &quot;c3e5264366567de36a8afe4e763ea800a4b24318&quot;,
        &quot;logs&quot;: &quot;https://app-automate.browserstack.com/builds/c3e5264366567de36a8afe4e763ea800a4b24318/sessions/7ce19c8eaf48925c8ee618b2f6e9c0653ccbbf41/logs&quot;,
        &quot;browserstack_status&quot;: &quot;done&quot;,
        &quot;created_at&quot;: &quot;2023-03-02T11:58:28.000Z&quot;,
        &quot;browser_url&quot;: &quot;https://app-automate.browserstack.com/builds/c3e5264366567de36a8afe4e763ea800a4b24318/sessions/7ce19c8eaf48925c8ee618b2f6e9c0653ccbbf41&quot;,
        &quot;public_url&quot;: &quot;https://app-automate.browserstack.com/builds/c3e5264366567de36a8afe4e763ea800a4b24318/sessions/7ce19c8eaf48925c8ee618b2f6e9c0653ccbbf41?auth_token=45af0c18005db65a69949fc5d39cd9da31a451059bac2d93a590e76b3da09972&quot;,
        &quot;video_url&quot;: &quot;https://app-automate.browserstack.com/sessions/7ce19c8eaf48925c8ee618b2f6e9c0653ccbbf41/video?token=YzM5ZUdaMjJ2QmhoK09VeE5ZSmxRQmpIN0dwOVZlek9HUDJPdjIxVEY2TncvT04yQkVQL1MxM2FFa0QxMGJ6UG50S2tZMVFLL1lwbjhOb1EyRVJwcEE9PS0tUkk5S0lLOUcrekNTdVFyZkQ3bDVDQT09--1c05cf0d39d4d5ef56f0dea0a175ca393efc6977&amp;source=rest_api&amp;diff=1.350014302&quot;,
        &quot;appium_logs_url&quot;: &quot;https://api.browserstack.com/app-automate/builds/c3e5264366567de36a8afe4e763ea800a4b24318/sessions/7ce19c8eaf48925c8ee618b2f6e9c0653ccbbf41/appiumlogs&quot;,
        &quot;device_logs_url&quot;: &quot;https://api.browserstack.com/app-automate/builds/c3e5264366567de36a8afe4e763ea800a4b24318/sessions/7ce19c8eaf48925c8ee618b2f6e9c0653ccbbf41/devicelogs&quot;,
        &quot;app_details&quot;: {
            &quot;app_url&quot;: &quot;bs://b208295bce9cf0b199cda8e9983b16a5a759bee0&quot;,
            &quot;app_name&quot;: &quot;org.wikipedia.alpha&quot;,
            &quot;app_version&quot;: &quot;2.7.50428-alpha-2023-02-10&quot;,
            &quot;app_custom_id&quot;: null,
            &quot;uploaded_at&quot;: &quot;2023-02-13T21:56:26.000Z&quot;
        },
        &quot;session_terminal_logs_url&quot;: &quot;https://app-automate.browserstack.com/s3-upload/bs-selenium-logs-use/s3/data/c3e5264366567de36a8afe4e763ea800a4b24318/7ce19c8eaf48925c8ee618b2f6e9c0653ccbbf41-terminal-logs.txt?response-content-type=text%2Fplain&amp;X-Amz-Algorithm=AWS4-HMAC-SHA256&amp;X-Amz-Credential=AKIA2XUQHUQMIXLNZJ22%2F20230302%2Fus-east-1%2Fs3%2Faws4_request&amp;X-Amz-Date=20230302T115858Z&amp;X-Amz-Expires=604800&amp;X-Amz-SignedHeaders=host&amp;X-Amz-Signature=efb72cff52774e2fee0d5ca7ea55e5f0d8b6f1e6f166d29c6126fe729bcdf73c&quot;,
        &quot;build_terminal_logs_url&quot;: &quot;https://app-automate.browserstack.com/s3-upload/bs-selenium-logs-use/s3/data/c3e5264366567de36a8afe4e763ea800a4b24318/terminal-logs.txt?response-content-type=text%2Fplain&amp;X-Amz-Algorithm=AWS4-HMAC-SHA256&amp;X-Amz-Credential=AKIA2XUQHUQMIXLNZJ22%2F20230302%2Fus-east-1%2Fs3%2Faws4_request&amp;X-Amz-Date=20230302T115858Z&amp;X-Amz-Expires=604800&amp;X-Amz-SignedHeaders=host&amp;X-Amz-Signature=2cb80785beca90587989b6bbb982f456eebf41f83b63e6cc61712374aa17b541&quot;
    }
}
Request method:	GET
Request URI:	https://api.browserstack.com/app-automate/sessions/ecfd497bac9aae16a59752a9616de8a730a7fa25.json
Proxy:			&lt;none&gt;
Request params:	&lt;none&gt;
Query params:	&lt;none&gt;
Form params:	&lt;none&gt;
Path params:	&lt;none&gt;
Headers:		Accept=*/*
Cookies:		&lt;none&gt;
Multiparts:		&lt;none&gt;
Body:			&lt;none&gt;
HTTP/1.1 200 OK
Cache-Control: max-age=0, private, must-revalidate
Content-Type: application/json; charset=utf-8
Date: Thu, 02 Mar 2023 11:59:32 GMT
ETag: W/&quot;ad6682808528d3caeb1b915af2a1567c&quot;
Server: nginx
Set-Cookie: tracking_id=dea5f17d-1a13-4e7f-867f-66ac58e066ea; domain=.browserstack.com; path=/; expires=Thu, 02 Mar 2028 11:59:32 GMT
Status: 200 OK
Vary: Origin
X-Powered-By: Phusion Passenger
X-Request-Id: 78c64281-3aa8-4fbb-b445-2461a328bc88
X-Runtime: 0.129802
X-UA-Compatible: IE=Edge,chrome=1
Content-Length: 2939
Connection: keep-alive

{
    &quot;automation_session&quot;: {
        &quot;name&quot;: &quot;first_test&quot;,
        &quot;duration&quot;: 31,
        &quot;os&quot;: &quot;android&quot;,
        &quot;os_version&quot;: &quot;11.0&quot;,
        &quot;browser_version&quot;: &quot;app&quot;,
        &quot;browser&quot;: null,
        &quot;device&quot;: &quot;Google Pixel 4&quot;,
        &quot;status&quot;: &quot;done&quot;,
        &quot;hashed_id&quot;: &quot;ecfd497bac9aae16a59752a9616de8a730a7fa25&quot;,
        &quot;reason&quot;: &quot;CLIENT_STOPPED_SESSION&quot;,
        &quot;build_name&quot;: &quot;browserstack-build-1&quot;,
        &quot;project_name&quot;: &quot;First Java Project&quot;,
        &quot;build_hashed_id&quot;: &quot;c3e5264366567de36a8afe4e763ea800a4b24318&quot;,
        &quot;logs&quot;: &quot;https://app-automate.browserstack.com/builds/c3e5264366567de36a8afe4e763ea800a4b24318/sessions/ecfd497bac9aae16a59752a9616de8a730a7fa25/logs&quot;,
        &quot;browserstack_status&quot;: &quot;done&quot;,
        &quot;created_at&quot;: &quot;2023-03-02T11:58:59.000Z&quot;,
        &quot;browser_url&quot;: &quot;https://app-automate.browserstack.com/builds/c3e5264366567de36a8afe4e763ea800a4b24318/sessions/ecfd497bac9aae16a59752a9616de8a730a7fa25&quot;,
        &quot;public_url&quot;: &quot;https://app-automate.browserstack.com/builds/c3e5264366567de36a8afe4e763ea800a4b24318/sessions/ecfd497bac9aae16a59752a9616de8a730a7fa25?auth_token=42b7821d1d31cda633f94a09214d597e9df17e18735940561b319fe1a892e5bb&quot;,
        &quot;video_url&quot;: &quot;https://app-automate.browserstack.com/sessions/ecfd497bac9aae16a59752a9616de8a730a7fa25/video?token=RmJPWlp6QTQxQlU1OHJYMmMvVWFTeTk2SWZUVTFLdXZXbnNyOCtNdmJTUXdqeUxDT3FPT2dzd3lXUWdqOGJ3Y0d5RnpZa0t1NEI5VUFjVW9hbFZsenc9PS0tV01hQnlSSW5BUnhuVm1KaUlCajY4dz09--374c42122c35241e37813e91b3f38272bd433232&amp;source=rest_api&amp;diff=2.654836299&quot;,
        &quot;appium_logs_url&quot;: &quot;https://api.browserstack.com/app-automate/builds/c3e5264366567de36a8afe4e763ea800a4b24318/sessions/ecfd497bac9aae16a59752a9616de8a730a7fa25/appiumlogs&quot;,
        &quot;device_logs_url&quot;: &quot;https://api.browserstack.com/app-automate/builds/c3e5264366567de36a8afe4e763ea800a4b24318/sessions/ecfd497bac9aae16a59752a9616de8a730a7fa25/devicelogs&quot;,
        &quot;app_details&quot;: {
            &quot;app_url&quot;: &quot;bs://b208295bce9cf0b199cda8e9983b16a5a759bee0&quot;,
            &quot;app_name&quot;: &quot;org.wikipedia.alpha&quot;,
            &quot;app_version&quot;: &quot;2.7.50428-alpha-2023-02-10&quot;,
            &quot;app_custom_id&quot;: null,
            &quot;uploaded_at&quot;: &quot;2023-02-13T21:56:26.000Z&quot;
        },
        &quot;session_terminal_logs_url&quot;: &quot;https://app-automate.browserstack.com/s3-upload/bs-selenium-logs-use/s3/data/c3e5264366567de36a8afe4e763ea800a4b24318/ecfd497bac9aae16a59752a9616de8a730a7fa25-terminal-logs.txt?response-content-type=text%2Fplain&amp;X-Amz-Algorithm=AWS4-HMAC-SHA256&amp;X-Amz-Credential=AKIA2XUQHUQMIXLNZJ22%2F20230302%2Fus-east-1%2Fs3%2Faws4_request&amp;X-Amz-Date=20230302T115932Z&amp;X-Amz-Expires=604800&amp;X-Amz-SignedHeaders=host&amp;X-Amz-Signature=6a5e6d313fe34d79422f4e3132d631023815e4488b81fa34be759f06fde2bad3&quot;,
        &quot;build_terminal_logs_url&quot;: &quot;https://app-automate.browserstack.com/s3-upload/bs-selenium-logs-use/s3/data/c3e5264366567de36a8afe4e763ea800a4b24318/terminal-logs.txt?response-content-type=text%2Fplain&amp;X-Amz-Algorithm=AWS4-HMAC-SHA256&amp;X-Amz-Credential=AKIA2XUQHUQMIXLNZJ22%2F20230302%2Fus-east-1%2Fs3%2Faws4_request&amp;X-Amz-Date=20230302T115932Z&amp;X-Amz-Expires=604800&amp;X-Amz-SignedHeaders=host&amp;X-Amz-Signature=2b368978c336f79b4f93c5db39e1352921fd56cd29c8b63c866ec936530b2834&quot;
    }
}
</pre>
</span>
</div>
<div id="tab2" class="tab">
<h2>Standard error</h2>
<span class="code">
<pre>[Test worker] INFO com.codeborne.selenide.impl.Plugins - Using implementation of com.codeborne.selenide.impl.PageSourceExtractor: com.codeborne.selenide.appium.AppiumScreenSourceExtractor
[Test worker] INFO com.codeborne.selenide.impl.Plugins - Using implementation of com.codeborne.selenide.impl.PageObjectFactory: com.codeborne.selenide.appium.SelenideAppiumPageFactory
[Test worker] INFO com.codeborne.selenide.impl.Plugins - Using implementation of com.codeborne.selenide.impl.ElementDescriber: com.codeborne.selenide.appium.AppiumElementDescriber
[Test worker] INFO com.codeborne.selenide.impl.WebDriverThreadLocalContainer - No webdriver is bound to current thread: 1 - let's create a new webdriver
[Test worker] INFO com.codeborne.selenide.impl.FileHelper - Creating folder: G:\final_project_mobile_wiki\build\downloads\1677758276211_6236_1
мар. 02, 2023 2:57:56 PM org.openqa.selenium.remote.tracing.opentelemetry.OpenTelemetryTracer createTracer
INFO: Using OpenTelemetry for tracing
[Test worker] INFO com.codeborne.selenide.webdriver.SelenideNettyClientFactory - Changed readTimeout from PT3M to PT1M30S
мар. 02, 2023 2:57:56 PM org.openqa.selenium.remote.RemoteWebDriver checkNonW3CCapabilities
WARNING: Support for Legacy Capabilities is deprecated; You are sending the following invalid capabilities: [app, browserstack.key, browserstack.user, build, device, name, os_version, project]; Please update to W3C Syntax: https://www.selenium.dev/blog/2022/legacy-protocol-support/
мар. 02, 2023 2:58:18 PM org.openqa.selenium.remote.ProtocolHandshake createSession
WARNING: Support for Legacy Capabilities is deprecated; You are sending the following invalid capabilities: [app, browserstack.key, browserstack.user, build, device, name, os_version, project]; Please update to W3C Syntax: https://www.selenium.dev/blog/2022/legacy-protocol-support/
[Test worker] ERROR com.codeborne.selenide.webdriver.WebDriverFactory - Failed to set page load timeout to 15000 ms
org.openqa.selenium.remote.UnreachableBrowserException: Error communicating with the remote browser. It may have died.
Build info: version: '4.8.0', revision: '267030adea'
System info: os.name: 'Windows 10', os.arch: 'amd64', os.version: '10.0', java.version: '11.0.2'
Driver info: org.openqa.selenium.remote.RemoteWebDriver
Command: [f88dfcd92a14fb13fefcbc3649a2b5c5fe3f4661, setTimeout {pageLoad=15000}]
Capabilities {64bit: false, acceptSslCert: false, acceptSslCerts: false, adbExecTimeout: 120000, appActivity: org.wikipedia.main.MainActi..., appPackage: org.wikipedia.alpha, automationName: uiautomator2, browserstack.appium_version: 1.17.0, browserstack.is_hub_canary: false, browserstack.minOSVersion: 5.0, buildName: browserstack-build-1, bundleID: org.wikipedia.alpha, bundleId: org.wikipedia.alpha, capabilities: {64bit: false, acceptSslCert: false, acceptSslCerts: false, adbExecTimeout: 120000, appActivity: org.wikipedia.main.MainActi..., appPackage: org.wikipedia.alpha, automationName: uiautomator2, browserstack.appium_version: 1.17.0, browserstack.is_hub_canary: false, browserstack.minOSVersion: 5.0, buildName: browserstack-build-1, bundleID: org.wikipedia.alpha, bundleId: org.wikipedia.alpha, chromeOptions: {w3c: false}, chromedriverPort: 18086, chromedriverPorts: [[18166, 18176]], databaseEnabled: false, detected_language: selenium/4.8.0 (java windows), device: google pixel 4, deviceApiLevel: 30, deviceManufacturer: Google, deviceModel: Pixel 4, deviceName: 98261FFAZ004SA, deviceScreenDensity: 440, deviceScreenSize: 1080x2280, deviceUDID: 98261FFAZ004SA, disableSuppressAccessibilityService: true, enablePerformanceLogging: false, javascriptEnabled: true, locationContextEnabled: false, mobile: {browser: mobile, version: Google Pixel 4-11.0}, nativeWebScreenshot: true, networkConnectionEnabled: true, newCommandTimeout: 0, new_bucketing: true, orig_os: android, osVersion: 11.0, os_version: 11.0, pixelRatio: 2.75, platform: ANDROID, platformName: Android, platformVersion: 11, projectName: First Java Project, realMobile: true, sessionId: f88dfcd92a14fb13fefcbc3649a..., sessionName: first_test, skipServerInstallation: true, statBarHeight: 83, systemPort: 8206, takesScreenshot: true, udid: 98261FFAZ004SA, uiautomator2ServerLaunchTimeout: 60000, version: , viewportRect: {height: 2153, left: 0, top: 83, width: 1080}, warnings: {}, webStorageEnabled: false}, chromeOptions: {w3c: false}, chromedriverPort: 18086, chromedriverPorts: [[18166, 18176]], databaseEnabled: false, detected_language: selenium/4.8.0 (java windows), device: google pixel 4, deviceApiLevel: 30, deviceManufacturer: Google, deviceModel: Pixel 4, deviceName: 98261FFAZ004SA, deviceScreenDensity: 440, deviceScreenSize: 1080x2280, deviceUDID: 98261FFAZ004SA, disableSuppressAccessibilityService: true, enablePerformanceLogging: false, javascriptEnabled: true, locationContextEnabled: false, mobile: {browser: mobile, version: Google Pixel 4-11.0}, nativeWebScreenshot: true, networkConnectionEnabled: true, newCommandTimeout: 0, new_bucketing: true, orig_os: android, osVersion: 11.0, os_version: 11.0, pixelRatio: 2.75, platform: ANDROID, platformName: ANDROID, platformVersion: 11, projectName: First Java Project, realMobile: true, sessionId: f88dfcd92a14fb13fefcbc3649a..., sessionName: first_test, skipServerInstallation: true, statBarHeight: 83, systemPort: 8206, takesScreenshot: true, udid: 98261FFAZ004SA, uiautomator2ServerLaunchTimeout: 60000, version: , viewportRect: {height: 2153, left: 0, top: 83, width: 1080}, warnings: {}, webStorageEnabled: false}
Session ID: f88dfcd92a14fb13fefcbc3649a2b5c5fe3f4661
	at org.openqa.selenium.remote.RemoteWebDriver.execute(RemoteWebDriver.java:567)
	at org.openqa.selenium.remote.RemoteWebDriver$RemoteWebDriverOptions$RemoteTimeouts.pageLoadTimeout(RemoteWebDriver.java:899)
	at com.codeborne.selenide.webdriver.WebDriverFactory.setLoadTimeout(WebDriverFactory.java:93)
	at com.codeborne.selenide.webdriver.WebDriverFactory.createWebDriver(WebDriverFactory.java:72)
	at com.codeborne.selenide.drivercommands.CreateDriverCommand.lambda$createDriver$0(CreateDriverCommand.java:76)
	at com.codeborne.selenide.logevents.SelenideLogger.get(SelenideLogger.java:118)
	at com.codeborne.selenide.drivercommands.CreateDriverCommand.createDriver(CreateDriverCommand.java:52)
	at com.codeborne.selenide.impl.WebDriverThreadLocalContainer.createDriver(WebDriverThreadLocalContainer.java:180)
	at com.codeborne.selenide.impl.WebDriverThreadLocalContainer.getAndCheckWebDriver(WebDriverThreadLocalContainer.java:149)
	at com.codeborne.selenide.WebDriverRunner.getAndCheckWebDriver(WebDriverRunner.java:130)
	at com.codeborne.selenide.impl.StaticDriver.getAndCheckWebDriver(StaticDriver.java:65)
	at com.codeborne.selenide.SelenideDriver.getAndCheckWebDriver(SelenideDriver.java:220)
	at com.codeborne.selenide.logevents.SelenideLogger.run(SelenideLogger.java:105)
	at com.codeborne.selenide.drivercommands.Navigator.open(Navigator.java:89)
	at com.codeborne.selenide.SelenideDriver.open(SelenideDriver.java:97)
	at com.codeborne.selenide.Selenide.open(Selenide.java:128)
	at tests.TestBase.addListener(TestBase.java:38)
	at java.base/jdk.internal.reflect.NativeMethodAccessorImpl.invoke0(Native Method)
	at java.base/jdk.internal.reflect.NativeMethodAccessorImpl.invoke(NativeMethodAccessorImpl.java:62)
	at java.base/jdk.internal.reflect.DelegatingMethodAccessorImpl.invoke(DelegatingMethodAccessorImpl.java:43)
	at java.base/java.lang.reflect.Method.invoke(Method.java:566)
	at org.junit.platform.commons.util.ReflectionUtils.invokeMethod(ReflectionUtils.java:727)
	at org.junit.jupiter.engine.execution.MethodInvocation.proceed(MethodInvocation.java:60)
	at org.junit.jupiter.engine.execution.InvocationInterceptorChain$ValidatingInvocation.proceed(InvocationInterceptorChain.java:131)
	at io.qameta.allure.junit5.AllureJunit5.processFixture(AllureJunit5.java:138)
	at io.qameta.allure.junit5.AllureJunit5.interceptBeforeEachMethod(AllureJunit5.java:116)
	at org.junit.jupiter.engine.execution.InterceptingExecutableInvoker$ReflectiveInterceptorCall.lambda$ofVoidMethod$0(InterceptingExecutableInvoker.java:103)
	at org.junit.jupiter.engine.execution.InterceptingExecutableInvoker.lambda$invoke$0(InterceptingExecutableInvoker.java:93)
	at org.junit.jupiter.engine.execution.InvocationInterceptorChain$InterceptedInvocation.proceed(InvocationInterceptorChain.java:106)
	at org.junit.jupiter.engine.extension.TimeoutExtension.intercept(TimeoutExtension.java:156)
	at org.junit.jupiter.engine.extension.TimeoutExtension.interceptLifecycleMethod(TimeoutExtension.java:128)
	at org.junit.jupiter.engine.extension.TimeoutExtension.interceptBeforeEachMethod(TimeoutExtension.java:78)
	at org.junit.jupiter.engine.execution.InterceptingExecutableInvoker$ReflectiveInterceptorCall.lambda$ofVoidMethod$0(InterceptingExecutableInvoker.java:103)
	at org.junit.jupiter.engine.execution.InterceptingExecutableInvoker.lambda$invoke$0(InterceptingExecutableInvoker.java:93)
	at org.junit.jupiter.engine.execution.InvocationInterceptorChain$InterceptedInvocation.proceed(InvocationInterceptorChain.java:106)
	at org.junit.jupiter.engine.execution.InvocationInterceptorChain.proceed(InvocationInterceptorChain.java:64)
	at org.junit.jupiter.engine.execution.InvocationInterceptorChain.chainAndInvoke(InvocationInterceptorChain.java:45)
	at org.junit.jupiter.engine.execution.InvocationInterceptorChain.invoke(InvocationInterceptorChain.java:37)
	at org.junit.jupiter.engine.execution.InterceptingExecutableInvoker.invoke(InterceptingExecutableInvoker.java:92)
	at org.junit.jupiter.engine.execution.InterceptingExecutableInvoker.invoke(InterceptingExecutableInvoker.java:86)
	at org.junit.jupiter.engine.descriptor.ClassBasedTestDescriptor.invokeMethodInExtensionContext(ClassBasedTestDescriptor.java:520)
	at org.junit.jupiter.engine.descriptor.ClassBasedTestDescriptor.lambda$synthesizeBeforeEachMethodAdapter$23(ClassBasedTestDescriptor.java:505)
	at org.junit.jupiter.engine.descriptor.TestMethodTestDescriptor.lambda$invokeBeforeEachMethods$3(TestMethodTestDescriptor.java:174)
	at org.junit.jupiter.engine.descriptor.TestMethodTestDescriptor.lambda$invokeBeforeMethodsOrCallbacksUntilExceptionOccurs$6(TestMethodTestDescriptor.java:202)
	at org.junit.platform.engine.support.hierarchical.ThrowableCollector.execute(ThrowableCollector.java:73)
	at org.junit.jupiter.engine.descriptor.TestMethodTestDescriptor.invokeBeforeMethodsOrCallbacksUntilExceptionOccurs(TestMethodTestDescriptor.java:202)
	at org.junit.jupiter.engine.descriptor.TestMethodTestDescriptor.invokeBeforeEachMethods(TestMethodTestDescriptor.java:171)
	at org.junit.jupiter.engine.descriptor.TestMethodTestDescriptor.execute(TestMethodTestDescriptor.java:134)
	at org.junit.jupiter.engine.descriptor.TestMethodTestDescriptor.execute(TestMethodTestDescriptor.java:68)
	at org.junit.platform.engine.support.hierarchical.NodeTestTask.lambda$executeRecursively$6(NodeTestTask.java:151)
	at org.junit.platform.engine.support.hierarchical.ThrowableCollector.execute(ThrowableCollector.java:73)
	at org.junit.platform.engine.support.hierarchical.NodeTestTask.lambda$executeRecursively$8(NodeTestTask.java:141)
	at org.junit.platform.engine.support.hierarchical.Node.around(Node.java:137)
	at org.junit.platform.engine.support.hierarchical.NodeTestTask.lambda$executeRecursively$9(NodeTestTask.java:139)
	at org.junit.platform.engine.support.hierarchical.ThrowableCollector.execute(ThrowableCollector.java:73)
	at org.junit.platform.engine.support.hierarchical.NodeTestTask.executeRecursively(NodeTestTask.java:138)
	at org.junit.platform.engine.support.hierarchical.NodeTestTask.execute(NodeTestTask.java:95)
	at java.base/java.util.ArrayList.forEach(ArrayList.java:1540)
	at org.junit.platform.engine.support.hierarchical.SameThreadHierarchicalTestExecutorService.invokeAll(SameThreadHierarchicalTestExecutorService.java:41)
	at org.junit.platform.engine.support.hierarchical.NodeTestTask.lambda$executeRecursively$6(NodeTestTask.java:155)
	at org.junit.platform.engine.support.hierarchical.ThrowableCollector.execute(ThrowableCollector.java:73)
	at org.junit.platform.engine.support.hierarchical.NodeTestTask.lambda$executeRecursively$8(NodeTestTask.java:141)
	at org.junit.platform.engine.support.hierarchical.Node.around(Node.java:137)
	at org.junit.platform.engine.support.hierarchical.NodeTestTask.lambda$executeRecursively$9(NodeTestTask.java:139)
	at org.junit.platform.engine.support.hierarchical.ThrowableCollector.execute(ThrowableCollector.java:73)
	at org.junit.platform.engine.support.hierarchical.NodeTestTask.executeRecursively(NodeTestTask.java:138)
	at org.junit.platform.engine.support.hierarchical.NodeTestTask.execute(NodeTestTask.java:95)
	at java.base/java.util.ArrayList.forEach(ArrayList.java:1540)
	at org.junit.platform.engine.support.hierarchical.SameThreadHierarchicalTestExecutorService.invokeAll(SameThreadHierarchicalTestExecutorService.java:41)
	at org.junit.platform.engine.support.hierarchical.NodeTestTask.lambda$executeRecursively$6(NodeTestTask.java:155)
	at org.junit.platform.engine.support.hierarchical.ThrowableCollector.execute(ThrowableCollector.java:73)
	at org.junit.platform.engine.support.hierarchical.NodeTestTask.lambda$executeRecursively$8(NodeTestTask.java:141)
	at org.junit.platform.engine.support.hierarchical.Node.around(Node.java:137)
	at org.junit.platform.engine.support.hierarchical.NodeTestTask.lambda$executeRecursively$9(NodeTestTask.java:139)
	at org.junit.platform.engine.support.hierarchical.ThrowableCollector.execute(ThrowableCollector.java:73)
	at org.junit.platform.engine.support.hierarchical.NodeTestTask.executeRecursively(NodeTestTask.java:138)
	at org.junit.platform.engine.support.hierarchical.NodeTestTask.execute(NodeTestTask.java:95)
	at org.junit.platform.engine.support.hierarchical.SameThreadHierarchicalTestExecutorService.submit(SameThreadHierarchicalTestExecutorService.java:35)
	at org.junit.platform.engine.support.hierarchical.HierarchicalTestExecutor.execute(HierarchicalTestExecutor.java:57)
	at org.junit.platform.engine.support.hierarchical.HierarchicalTestEngine.execute(HierarchicalTestEngine.java:54)
	at org.junit.platform.launcher.core.EngineExecutionOrchestrator.execute(EngineExecutionOrchestrator.java:147)
	at org.junit.platform.launcher.core.EngineExecutionOrchestrator.execute(EngineExecutionOrchestrator.java:127)
	at org.junit.platform.launcher.core.EngineExecutionOrchestrator.execute(EngineExecutionOrchestrator.java:90)
	at org.junit.platform.launcher.core.EngineExecutionOrchestrator.lambda$execute$0(EngineExecutionOrchestrator.java:55)
	at org.junit.platform.launcher.core.EngineExecutionOrchestrator.withInterceptedStreams(EngineExecutionOrchestrator.java:102)
	at org.junit.platform.launcher.core.EngineExecutionOrchestrator.execute(EngineExecutionOrchestrator.java:54)
	at org.junit.platform.launcher.core.DefaultLauncher.execute(DefaultLauncher.java:114)
	at org.junit.platform.launcher.core.DefaultLauncher.execute(DefaultLauncher.java:86)
	at org.junit.platform.launcher.core.DefaultLauncherSession$DelegatingLauncher.execute(DefaultLauncherSession.java:86)
	at org.junit.platform.launcher.core.SessionPerRequestLauncher.execute(SessionPerRequestLauncher.java:53)
	at org.gradle.api.internal.tasks.testing.junitplatform.JUnitPlatformTestClassProcessor$CollectAllTestClassesExecutor.processAllTestClasses(JUnitPlatformTestClassProcessor.java:99)
	at org.gradle.api.internal.tasks.testing.junitplatform.JUnitPlatformTestClassProcessor$CollectAllTestClassesExecutor.access$000(JUnitPlatformTestClassProcessor.java:79)
	at org.gradle.api.internal.tasks.testing.junitplatform.JUnitPlatformTestClassProcessor.stop(JUnitPlatformTestClassProcessor.java:75)
	at org.gradle.api.internal.tasks.testing.SuiteTestClassProcessor.stop(SuiteTestClassProcessor.java:61)
	at java.base/jdk.internal.reflect.NativeMethodAccessorImpl.invoke0(Native Method)
	at java.base/jdk.internal.reflect.NativeMethodAccessorImpl.invoke(NativeMethodAccessorImpl.java:62)
	at java.base/jdk.internal.reflect.DelegatingMethodAccessorImpl.invoke(DelegatingMethodAccessorImpl.java:43)
	at java.base/java.lang.reflect.Method.invoke(Method.java:566)
	at org.gradle.internal.dispatch.ReflectionDispatch.dispatch(ReflectionDispatch.java:36)
	at org.gradle.internal.dispatch.ReflectionDispatch.dispatch(ReflectionDispatch.java:24)
	at org.gradle.internal.dispatch.ContextClassLoaderDispatch.dispatch(ContextClassLoaderDispatch.java:33)
	at org.gradle.internal.dispatch.ProxyDispatchAdapter$DispatchingInvocationHandler.invoke(ProxyDispatchAdapter.java:94)
	at com.sun.proxy.$Proxy2.stop(Unknown Source)
	at org.gradle.api.internal.tasks.testing.worker.TestWorker$3.run(TestWorker.java:193)
	at org.gradle.api.internal.tasks.testing.worker.TestWorker.executeAndMaintainThreadName(TestWorker.java:129)
	at org.gradle.api.internal.tasks.testing.worker.TestWorker.execute(TestWorker.java:100)
	at org.gradle.api.internal.tasks.testing.worker.TestWorker.execute(TestWorker.java:60)
	at org.gradle.process.internal.worker.child.ActionExecutionWorker.execute(ActionExecutionWorker.java:56)
	at org.gradle.process.internal.worker.child.SystemApplicationClassLoaderWorker.call(SystemApplicationClassLoaderWorker.java:133)
	at org.gradle.process.internal.worker.child.SystemApplicationClassLoaderWorker.call(SystemApplicationClassLoaderWorker.java:71)
	at worker.org.gradle.process.internal.worker.GradleWorkerMain.run(GradleWorkerMain.java:69)
	at worker.org.gradle.process.internal.worker.GradleWorkerMain.main(GradleWorkerMain.java:74)
Caused by: java.lang.IllegalArgumentException: Cannot decode response content: {&quot;status&quot;:405,&quot;value&quot;:{&quot;message&quot;:&quot;Not implemented yet for pageLoad.&quot;,&quot;sessionId&quot;:&quot;f88dfcd92a14fb13fefcbc3649a2b5c5fe3f4661&quot;,&quot;capabilities&quot;:{&quot;message&quot;:&quot;Not implemented yet for pageLoad.&quot;,&quot;sessionId&quot;:&quot;f88dfcd92a14fb13fefcbc3649a2b5c5fe3f4661&quot;}},&quot;sessionId&quot;:&quot;f88dfcd92a14fb13fefcbc3649a2b5c5fe3f4661&quot;}
	at org.openqa.selenium.remote.codec.AbstractHttpResponseCodec.decode(AbstractHttpResponseCodec.java:86)
	at org.openqa.selenium.remote.codec.AbstractHttpResponseCodec.decode(AbstractHttpResponseCodec.java:47)
	at org.openqa.selenium.remote.HttpCommandExecutor.execute(HttpCommandExecutor.java:184)
	at org.openqa.selenium.remote.TracedCommandExecutor.execute(TracedCommandExecutor.java:51)
	at org.openqa.selenium.remote.RemoteWebDriver.execute(RemoteWebDriver.java:543)
	... 111 more
Caused by: org.openqa.selenium.json.JsonException: Unable to parse: {&quot;status&quot;:405,&quot;value&quot;:{&quot;message&quot;:&quot;Not implemented yet for pageLoad.&quot;,&quot;sessionId&quot;:&quot;f88dfcd92a14fb13fefcbc3649a2b5c5fe3f4661&quot;,&quot;capabilities&quot;:{&quot;message&quot;:&quot;Not implemented yet for pageLoad.&quot;,&quot;sessionId&quot;:&quot;f88dfcd92a14fb13fefcbc3649a2b5c5fe3f4661&quot;}},&quot;sessionId&quot;:&quot;f88dfcd92a14fb13fefcbc3649a2b5c5fe3f4661&quot;}
	at org.openqa.selenium.json.Json.toType(Json.java:57)
	at org.openqa.selenium.json.Json.toType(Json.java:50)
	at org.openqa.selenium.remote.codec.AbstractHttpResponseCodec.decode(AbstractHttpResponseCodec.java:83)
	... 115 more
Caused by: org.openqa.selenium.json.JsonException: Unable to create instance of class org.openqa.selenium.remote.Response
Build info: version: '4.8.0', revision: '267030adea'
System info: os.name: 'Windows 10', os.arch: 'amd64', os.version: '10.0', java.version: '11.0.2'
Driver info: driver.version: SelenideDriver
	at org.openqa.selenium.json.StaticInitializerCoercer.lambda$apply$0(StaticInitializerCoercer.java:61)
	at org.openqa.selenium.json.JsonTypeCoercer.lambda$buildCoercer$6(JsonTypeCoercer.java:145)
	at org.openqa.selenium.json.JsonTypeCoercer.coerce(JsonTypeCoercer.java:127)
	at org.openqa.selenium.json.Json.toType(Json.java:71)
	at org.openqa.selenium.json.Json.toType(Json.java:55)
	... 117 more
Caused by: java.lang.reflect.InvocationTargetException
	at java.base/jdk.internal.reflect.NativeMethodAccessorImpl.invoke0(Native Method)
	at java.base/jdk.internal.reflect.NativeMethodAccessorImpl.invoke(NativeMethodAccessorImpl.java:62)
	at java.base/jdk.internal.reflect.DelegatingMethodAccessorImpl.invoke(DelegatingMethodAccessorImpl.java:43)
	at java.base/java.lang.reflect.Method.invoke(Method.java:566)
	at org.openqa.selenium.json.StaticInitializerCoercer.lambda$apply$0(StaticInitializerCoercer.java:59)
	... 121 more
Caused by: java.lang.IllegalArgumentException: expected one element but was: &lt;unknown method, unsupported operation&gt;
	at com.google.common.collect.Iterators.getOnlyElement(Iterators.java:323)
	at com.google.common.collect.Iterators.getOnlyElement(Iterators.java:336)
	at com.google.common.collect.Iterables.getOnlyElement(Iterables.java:278)
	at org.openqa.selenium.remote.ErrorCodes.toState(ErrorCodes.java:181)
	at org.openqa.selenium.remote.Response.fromJson(Response.java:118)
	... 126 more
[Test worker] INFO com.codeborne.selenide.webdriver.WebDriverFactory - BrowserName= Version= Platform=ANDROID
[Test worker] INFO com.codeborne.selenide.webdriver.WebDriverFactory - Selenide v. 6.11.2
[Test worker] INFO com.codeborne.selenide.webdriver.WebDriverFactory - Selenium WebDriver v. 4.8.0 build revision: 267030adea
[Test worker] INFO com.codeborne.selenide.drivercommands.CreateDriverCommand - Created webdriver in thread 1: RemoteWebDriver -&gt; RemoteWebDriver:  on ANDROID (f88dfcd92a14fb13fefcbc3649a2b5c5fe3f4661)
[Test worker] INFO com.codeborne.selenide.drivercommands.DisposablesRegistry - Register WebDriverInstance[config=StaticConfig,webDriver=RemoteWebDriver:  on ANDROID (f88dfcd92a14fb13fefcbc3649a2b5c5fe3f4661),proxy=null,downloadsFolder=G:\final_project_mobile_wiki\build\downloads\1677758276211_6236_1] in 1 [size=1]
[Test worker] INFO com.codeborne.selenide.drivercommands.DisposablesRegistry - Add shutdown hook in 1 [size=1]
[Test worker] INFO com.codeborne.selenide.impl.Plugins - Using implementation of com.codeborne.selenide.commands.Commands: com.codeborne.selenide.appium.commands.SelenideAppiumCommands
[Test worker] INFO com.codeborne.selenide.impl.FileHelper - Deleted empty folder: G:\final_project_mobile_wiki\build\downloads\1677758276211_6236_1
[Test worker] INFO com.codeborne.selenide.drivercommands.CloseDriverCommand - Close webdriver: 1 -&gt; RemoteWebDriver:  on ANDROID (f88dfcd92a14fb13fefcbc3649a2b5c5fe3f4661)...
[Test worker] INFO com.codeborne.selenide.drivercommands.CloseDriverCommand - Closed webdriver 1 in 1286 ms
[Test worker] INFO com.codeborne.selenide.drivercommands.DisposablesRegistry - Unregister WebDriverInstance[config=StaticConfig,webDriver=RemoteWebDriver:  on ANDROID (null),proxy=null,downloadsFolder=G:\final_project_mobile_wiki\build\downloads\1677758276211_6236_1] in 1 [size=0]
[Test worker] INFO com.codeborne.selenide.impl.WebDriverThreadLocalContainer - No webdriver is bound to current thread: 1 - let's create a new webdriver
[Test worker] INFO com.codeborne.selenide.impl.FileHelper - Creating folder: G:\final_project_mobile_wiki\build\downloads\1677758307830_6236_1
[Test worker] INFO com.codeborne.selenide.webdriver.SelenideNettyClientFactory - Changed readTimeout from PT3M to PT1M30S
мар. 02, 2023 2:58:27 PM org.openqa.selenium.remote.RemoteWebDriver checkNonW3CCapabilities
WARNING: Support for Legacy Capabilities is deprecated; You are sending the following invalid capabilities: [app, browserstack.key, browserstack.user, build, device, name, os_version, project]; Please update to W3C Syntax: https://www.selenium.dev/blog/2022/legacy-protocol-support/
мар. 02, 2023 2:58:51 PM org.openqa.selenium.remote.ProtocolHandshake createSession
WARNING: Support for Legacy Capabilities is deprecated; You are sending the following invalid capabilities: [app, browserstack.key, browserstack.user, build, device, name, os_version, project]; Please update to W3C Syntax: https://www.selenium.dev/blog/2022/legacy-protocol-support/
[Test worker] ERROR com.codeborne.selenide.webdriver.WebDriverFactory - Failed to set page load timeout to 15000 ms
org.openqa.selenium.remote.UnreachableBrowserException: Error communicating with the remote browser. It may have died.
Build info: version: '4.8.0', revision: '267030adea'
System info: os.name: 'Windows 10', os.arch: 'amd64', os.version: '10.0', java.version: '11.0.2'
Driver info: org.openqa.selenium.remote.RemoteWebDriver
Command: [7ce19c8eaf48925c8ee618b2f6e9c0653ccbbf41, setTimeout {pageLoad=15000}]
Capabilities {64bit: false, acceptSslCert: false, acceptSslCerts: false, adbExecTimeout: 120000, appActivity: org.wikipedia.main.MainActi..., appPackage: org.wikipedia.alpha, automationName: uiautomator2, browserstack.appium_version: 1.17.0, browserstack.is_hub_canary: false, browserstack.minOSVersion: 5.0, buildName: browserstack-build-1, bundleID: org.wikipedia.alpha, bundleId: org.wikipedia.alpha, capabilities: {64bit: false, acceptSslCert: false, acceptSslCerts: false, adbExecTimeout: 120000, appActivity: org.wikipedia.main.MainActi..., appPackage: org.wikipedia.alpha, automationName: uiautomator2, browserstack.appium_version: 1.17.0, browserstack.is_hub_canary: false, browserstack.minOSVersion: 5.0, buildName: browserstack-build-1, bundleID: org.wikipedia.alpha, bundleId: org.wikipedia.alpha, chromeOptions: {w3c: false}, chromedriverPort: 18085, chromedriverPorts: [[18155, 18165]], databaseEnabled: false, detected_language: selenium/4.8.0 (java windows), device: google pixel 4, deviceApiLevel: 30, deviceManufacturer: Google, deviceModel: Pixel 4, deviceName: 99091FFAZ008UH, deviceScreenDensity: 440, deviceScreenSize: 1080x2280, deviceUDID: 99091FFAZ008UH, disableSuppressAccessibilityService: true, enablePerformanceLogging: false, javascriptEnabled: true, locationContextEnabled: false, mobile: {browser: mobile, version: Google Pixel 4-11.0}, nativeWebScreenshot: true, networkConnectionEnabled: true, newCommandTimeout: 0, new_bucketing: true, orig_os: android, osVersion: 11.0, os_version: 11.0, pixelRatio: 2.75, platform: ANDROID, platformName: Android, platformVersion: 11, projectName: First Java Project, realMobile: true, sessionId: 7ce19c8eaf48925c8ee618b2f6e..., sessionName: first_test, skipServerInstallation: true, statBarHeight: 83, systemPort: 8205, takesScreenshot: true, udid: 99091FFAZ008UH, uiautomator2ServerLaunchTimeout: 60000, version: , viewportRect: {height: 2153, left: 0, top: 83, width: 1080}, warnings: {}, webStorageEnabled: false}, chromeOptions: {w3c: false}, chromedriverPort: 18085, chromedriverPorts: [[18155, 18165]], databaseEnabled: false, detected_language: selenium/4.8.0 (java windows), device: google pixel 4, deviceApiLevel: 30, deviceManufacturer: Google, deviceModel: Pixel 4, deviceName: 99091FFAZ008UH, deviceScreenDensity: 440, deviceScreenSize: 1080x2280, deviceUDID: 99091FFAZ008UH, disableSuppressAccessibilityService: true, enablePerformanceLogging: false, javascriptEnabled: true, locationContextEnabled: false, mobile: {browser: mobile, version: Google Pixel 4-11.0}, nativeWebScreenshot: true, networkConnectionEnabled: true, newCommandTimeout: 0, new_bucketing: true, orig_os: android, osVersion: 11.0, os_version: 11.0, pixelRatio: 2.75, platform: ANDROID, platformName: ANDROID, platformVersion: 11, projectName: First Java Project, realMobile: true, sessionId: 7ce19c8eaf48925c8ee618b2f6e..., sessionName: first_test, skipServerInstallation: true, statBarHeight: 83, systemPort: 8205, takesScreenshot: true, udid: 99091FFAZ008UH, uiautomator2ServerLaunchTimeout: 60000, version: , viewportRect: {height: 2153, left: 0, top: 83, width: 1080}, warnings: {}, webStorageEnabled: false}
Session ID: 7ce19c8eaf48925c8ee618b2f6e9c0653ccbbf41
	at org.openqa.selenium.remote.RemoteWebDriver.execute(RemoteWebDriver.java:567)
	at org.openqa.selenium.remote.RemoteWebDriver$RemoteWebDriverOptions$RemoteTimeouts.pageLoadTimeout(RemoteWebDriver.java:899)
	at com.codeborne.selenide.webdriver.WebDriverFactory.setLoadTimeout(WebDriverFactory.java:93)
	at com.codeborne.selenide.webdriver.WebDriverFactory.createWebDriver(WebDriverFactory.java:72)
	at com.codeborne.selenide.drivercommands.CreateDriverCommand.lambda$createDriver$0(CreateDriverCommand.java:76)
	at com.codeborne.selenide.logevents.SelenideLogger.get(SelenideLogger.java:118)
	at com.codeborne.selenide.drivercommands.CreateDriverCommand.createDriver(CreateDriverCommand.java:52)
	at com.codeborne.selenide.impl.WebDriverThreadLocalContainer.createDriver(WebDriverThreadLocalContainer.java:180)
	at com.codeborne.selenide.impl.WebDriverThreadLocalContainer.getAndCheckWebDriver(WebDriverThreadLocalContainer.java:149)
	at com.codeborne.selenide.WebDriverRunner.getAndCheckWebDriver(WebDriverRunner.java:130)
	at com.codeborne.selenide.impl.StaticDriver.getAndCheckWebDriver(StaticDriver.java:65)
	at com.codeborne.selenide.SelenideDriver.getAndCheckWebDriver(SelenideDriver.java:220)
	at com.codeborne.selenide.logevents.SelenideLogger.run(SelenideLogger.java:105)
	at com.codeborne.selenide.drivercommands.Navigator.open(Navigator.java:89)
	at com.codeborne.selenide.SelenideDriver.open(SelenideDriver.java:97)
	at com.codeborne.selenide.Selenide.open(Selenide.java:128)
	at tests.TestBase.addListener(TestBase.java:38)
	at java.base/jdk.internal.reflect.NativeMethodAccessorImpl.invoke0(Native Method)
	at java.base/jdk.internal.reflect.NativeMethodAccessorImpl.invoke(NativeMethodAccessorImpl.java:62)
	at java.base/jdk.internal.reflect.DelegatingMethodAccessorImpl.invoke(DelegatingMethodAccessorImpl.java:43)
	at java.base/java.lang.reflect.Method.invoke(Method.java:566)
	at org.junit.platform.commons.util.ReflectionUtils.invokeMethod(ReflectionUtils.java:727)
	at org.junit.jupiter.engine.execution.MethodInvocation.proceed(MethodInvocation.java:60)
	at org.junit.jupiter.engine.execution.InvocationInterceptorChain$ValidatingInvocation.proceed(InvocationInterceptorChain.java:131)
	at io.qameta.allure.junit5.AllureJunit5.processFixture(AllureJunit5.java:138)
	at io.qameta.allure.junit5.AllureJunit5.interceptBeforeEachMethod(AllureJunit5.java:116)
	at org.junit.jupiter.engine.execution.InterceptingExecutableInvoker$ReflectiveInterceptorCall.lambda$ofVoidMethod$0(InterceptingExecutableInvoker.java:103)
	at org.junit.jupiter.engine.execution.InterceptingExecutableInvoker.lambda$invoke$0(InterceptingExecutableInvoker.java:93)
	at org.junit.jupiter.engine.execution.InvocationInterceptorChain$InterceptedInvocation.proceed(InvocationInterceptorChain.java:106)
	at org.junit.jupiter.engine.extension.TimeoutExtension.intercept(TimeoutExtension.java:156)
	at org.junit.jupiter.engine.extension.TimeoutExtension.interceptLifecycleMethod(TimeoutExtension.java:128)
	at org.junit.jupiter.engine.extension.TimeoutExtension.interceptBeforeEachMethod(TimeoutExtension.java:78)
	at org.junit.jupiter.engine.execution.InterceptingExecutableInvoker$ReflectiveInterceptorCall.lambda$ofVoidMethod$0(InterceptingExecutableInvoker.java:103)
	at org.junit.jupiter.engine.execution.InterceptingExecutableInvoker.lambda$invoke$0(InterceptingExecutableInvoker.java:93)
	at org.junit.jupiter.engine.execution.InvocationInterceptorChain$InterceptedInvocation.proceed(InvocationInterceptorChain.java:106)
	at org.junit.jupiter.engine.execution.InvocationInterceptorChain.proceed(InvocationInterceptorChain.java:64)
	at org.junit.jupiter.engine.execution.InvocationInterceptorChain.chainAndInvoke(InvocationInterceptorChain.java:45)
	at org.junit.jupiter.engine.execution.InvocationInterceptorChain.invoke(InvocationInterceptorChain.java:37)
	at org.junit.jupiter.engine.execution.InterceptingExecutableInvoker.invoke(InterceptingExecutableInvoker.java:92)
	at org.junit.jupiter.engine.execution.InterceptingExecutableInvoker.invoke(InterceptingExecutableInvoker.java:86)
	at org.junit.jupiter.engine.descriptor.ClassBasedTestDescriptor.invokeMethodInExtensionContext(ClassBasedTestDescriptor.java:520)
	at org.junit.jupiter.engine.descriptor.ClassBasedTestDescriptor.lambda$synthesizeBeforeEachMethodAdapter$23(ClassBasedTestDescriptor.java:505)
	at org.junit.jupiter.engine.descriptor.TestMethodTestDescriptor.lambda$invokeBeforeEachMethods$3(TestMethodTestDescriptor.java:174)
	at org.junit.jupiter.engine.descriptor.TestMethodTestDescriptor.lambda$invokeBeforeMethodsOrCallbacksUntilExceptionOccurs$6(TestMethodTestDescriptor.java:202)
	at org.junit.platform.engine.support.hierarchical.ThrowableCollector.execute(ThrowableCollector.java:73)
	at org.junit.jupiter.engine.descriptor.TestMethodTestDescriptor.invokeBeforeMethodsOrCallbacksUntilExceptionOccurs(TestMethodTestDescriptor.java:202)
	at org.junit.jupiter.engine.descriptor.TestMethodTestDescriptor.invokeBeforeEachMethods(TestMethodTestDescriptor.java:171)
	at org.junit.jupiter.engine.descriptor.TestMethodTestDescriptor.execute(TestMethodTestDescriptor.java:134)
	at org.junit.jupiter.engine.descriptor.TestMethodTestDescriptor.execute(TestMethodTestDescriptor.java:68)
	at org.junit.platform.engine.support.hierarchical.NodeTestTask.lambda$executeRecursively$6(NodeTestTask.java:151)
	at org.junit.platform.engine.support.hierarchical.ThrowableCollector.execute(ThrowableCollector.java:73)
	at org.junit.platform.engine.support.hierarchical.NodeTestTask.lambda$executeRecursively$8(NodeTestTask.java:141)
	at org.junit.platform.engine.support.hierarchical.Node.around(Node.java:137)
	at org.junit.platform.engine.support.hierarchical.NodeTestTask.lambda$executeRecursively$9(NodeTestTask.java:139)
	at org.junit.platform.engine.support.hierarchical.ThrowableCollector.execute(ThrowableCollector.java:73)
	at org.junit.platform.engine.support.hierarchical.NodeTestTask.executeRecursively(NodeTestTask.java:138)
	at org.junit.platform.engine.support.hierarchical.NodeTestTask.execute(NodeTestTask.java:95)
	at java.base/java.util.ArrayList.forEach(ArrayList.java:1540)
	at org.junit.platform.engine.support.hierarchical.SameThreadHierarchicalTestExecutorService.invokeAll(SameThreadHierarchicalTestExecutorService.java:41)
	at org.junit.platform.engine.support.hierarchical.NodeTestTask.lambda$executeRecursively$6(NodeTestTask.java:155)
	at org.junit.platform.engine.support.hierarchical.ThrowableCollector.execute(ThrowableCollector.java:73)
	at org.junit.platform.engine.support.hierarchical.NodeTestTask.lambda$executeRecursively$8(NodeTestTask.java:141)
	at org.junit.platform.engine.support.hierarchical.Node.around(Node.java:137)
	at org.junit.platform.engine.support.hierarchical.NodeTestTask.lambda$executeRecursively$9(NodeTestTask.java:139)
	at org.junit.platform.engine.support.hierarchical.ThrowableCollector.execute(ThrowableCollector.java:73)
	at org.junit.platform.engine.support.hierarchical.NodeTestTask.executeRecursively(NodeTestTask.java:138)
	at org.junit.platform.engine.support.hierarchical.NodeTestTask.execute(NodeTestTask.java:95)
	at java.base/java.util.ArrayList.forEach(ArrayList.java:1540)
	at org.junit.platform.engine.support.hierarchical.SameThreadHierarchicalTestExecutorService.invokeAll(SameThreadHierarchicalTestExecutorService.java:41)
	at org.junit.platform.engine.support.hierarchical.NodeTestTask.lambda$executeRecursively$6(NodeTestTask.java:155)
	at org.junit.platform.engine.support.hierarchical.ThrowableCollector.execute(ThrowableCollector.java:73)
	at org.junit.platform.engine.support.hierarchical.NodeTestTask.lambda$executeRecursively$8(NodeTestTask.java:141)
	at org.junit.platform.engine.support.hierarchical.Node.around(Node.java:137)
	at org.junit.platform.engine.support.hierarchical.NodeTestTask.lambda$executeRecursively$9(NodeTestTask.java:139)
	at org.junit.platform.engine.support.hierarchical.ThrowableCollector.execute(ThrowableCollector.java:73)
	at org.junit.platform.engine.support.hierarchical.NodeTestTask.executeRecursively(NodeTestTask.java:138)
	at org.junit.platform.engine.support.hierarchical.NodeTestTask.execute(NodeTestTask.java:95)
	at org.junit.platform.engine.support.hierarchical.SameThreadHierarchicalTestExecutorService.submit(SameThreadHierarchicalTestExecutorService.java:35)
	at org.junit.platform.engine.support.hierarchical.HierarchicalTestExecutor.execute(HierarchicalTestExecutor.java:57)
	at org.junit.platform.engine.support.hierarchical.HierarchicalTestEngine.execute(HierarchicalTestEngine.java:54)
	at org.junit.platform.launcher.core.EngineExecutionOrchestrator.execute(EngineExecutionOrchestrator.java:147)
	at org.junit.platform.launcher.core.EngineExecutionOrchestrator.execute(EngineExecutionOrchestrator.java:127)
	at org.junit.platform.launcher.core.EngineExecutionOrchestrator.execute(EngineExecutionOrchestrator.java:90)
	at org.junit.platform.launcher.core.EngineExecutionOrchestrator.lambda$execute$0(EngineExecutionOrchestrator.java:55)
	at org.junit.platform.launcher.core.EngineExecutionOrchestrator.withInterceptedStreams(EngineExecutionOrchestrator.java:102)
	at org.junit.platform.launcher.core.EngineExecutionOrchestrator.execute(EngineExecutionOrchestrator.java:54)
	at org.junit.platform.launcher.core.DefaultLauncher.execute(DefaultLauncher.java:114)
	at org.junit.platform.launcher.core.DefaultLauncher.execute(DefaultLauncher.java:86)
	at org.junit.platform.launcher.core.DefaultLauncherSession$DelegatingLauncher.execute(DefaultLauncherSession.java:86)
	at org.junit.platform.launcher.core.SessionPerRequestLauncher.execute(SessionPerRequestLauncher.java:53)
	at org.gradle.api.internal.tasks.testing.junitplatform.JUnitPlatformTestClassProcessor$CollectAllTestClassesExecutor.processAllTestClasses(JUnitPlatformTestClassProcessor.java:99)
	at org.gradle.api.internal.tasks.testing.junitplatform.JUnitPlatformTestClassProcessor$CollectAllTestClassesExecutor.access$000(JUnitPlatformTestClassProcessor.java:79)
	at org.gradle.api.internal.tasks.testing.junitplatform.JUnitPlatformTestClassProcessor.stop(JUnitPlatformTestClassProcessor.java:75)
	at org.gradle.api.internal.tasks.testing.SuiteTestClassProcessor.stop(SuiteTestClassProcessor.java:61)
	at java.base/jdk.internal.reflect.NativeMethodAccessorImpl.invoke0(Native Method)
	at java.base/jdk.internal.reflect.NativeMethodAccessorImpl.invoke(NativeMethodAccessorImpl.java:62)
	at java.base/jdk.internal.reflect.DelegatingMethodAccessorImpl.invoke(DelegatingMethodAccessorImpl.java:43)
	at java.base/java.lang.reflect.Method.invoke(Method.java:566)
	at org.gradle.internal.dispatch.ReflectionDispatch.dispatch(ReflectionDispatch.java:36)
	at org.gradle.internal.dispatch.ReflectionDispatch.dispatch(ReflectionDispatch.java:24)
	at org.gradle.internal.dispatch.ContextClassLoaderDispatch.dispatch(ContextClassLoaderDispatch.java:33)
	at org.gradle.internal.dispatch.ProxyDispatchAdapter$DispatchingInvocationHandler.invoke(ProxyDispatchAdapter.java:94)
	at com.sun.proxy.$Proxy2.stop(Unknown Source)
	at org.gradle.api.internal.tasks.testing.worker.TestWorker$3.run(TestWorker.java:193)
	at org.gradle.api.internal.tasks.testing.worker.TestWorker.executeAndMaintainThreadName(TestWorker.java:129)
	at org.gradle.api.internal.tasks.testing.worker.TestWorker.execute(TestWorker.java:100)
	at org.gradle.api.internal.tasks.testing.worker.TestWorker.execute(TestWorker.java:60)
	at org.gradle.process.internal.worker.child.ActionExecutionWorker.execute(ActionExecutionWorker.java:56)
	at org.gradle.process.internal.worker.child.SystemApplicationClassLoaderWorker.call(SystemApplicationClassLoaderWorker.java:133)
	at org.gradle.process.internal.worker.child.SystemApplicationClassLoaderWorker.call(SystemApplicationClassLoaderWorker.java:71)
	at worker.org.gradle.process.internal.worker.GradleWorkerMain.run(GradleWorkerMain.java:69)
	at worker.org.gradle.process.internal.worker.GradleWorkerMain.main(GradleWorkerMain.java:74)
Caused by: java.lang.IllegalArgumentException: Cannot decode response content: {&quot;status&quot;:405,&quot;value&quot;:{&quot;message&quot;:&quot;Not implemented yet for pageLoad.&quot;,&quot;sessionId&quot;:&quot;7ce19c8eaf48925c8ee618b2f6e9c0653ccbbf41&quot;,&quot;capabilities&quot;:{&quot;message&quot;:&quot;Not implemented yet for pageLoad.&quot;,&quot;sessionId&quot;:&quot;7ce19c8eaf48925c8ee618b2f6e9c0653ccbbf41&quot;}},&quot;sessionId&quot;:&quot;7ce19c8eaf48925c8ee618b2f6e9c0653ccbbf41&quot;}
	at org.openqa.selenium.remote.codec.AbstractHttpResponseCodec.decode(AbstractHttpResponseCodec.java:86)
	at org.openqa.selenium.remote.codec.AbstractHttpResponseCodec.decode(AbstractHttpResponseCodec.java:47)
	at org.openqa.selenium.remote.HttpCommandExecutor.execute(HttpCommandExecutor.java:184)
	at org.openqa.selenium.remote.TracedCommandExecutor.execute(TracedCommandExecutor.java:51)
	at org.openqa.selenium.remote.RemoteWebDriver.execute(RemoteWebDriver.java:543)
	... 111 more
Caused by: org.openqa.selenium.json.JsonException: Unable to parse: {&quot;status&quot;:405,&quot;value&quot;:{&quot;message&quot;:&quot;Not implemented yet for pageLoad.&quot;,&quot;sessionId&quot;:&quot;7ce19c8eaf48925c8ee618b2f6e9c0653ccbbf41&quot;,&quot;capabilities&quot;:{&quot;message&quot;:&quot;Not implemented yet for pageLoad.&quot;,&quot;sessionId&quot;:&quot;7ce19c8eaf48925c8ee618b2f6e9c0653ccbbf41&quot;}},&quot;sessionId&quot;:&quot;7ce19c8eaf48925c8ee618b2f6e9c0653ccbbf41&quot;}
	at org.openqa.selenium.json.Json.toType(Json.java:57)
	at org.openqa.selenium.json.Json.toType(Json.java:50)
	at org.openqa.selenium.remote.codec.AbstractHttpResponseCodec.decode(AbstractHttpResponseCodec.java:83)
	... 115 more
Caused by: org.openqa.selenium.json.JsonException: Unable to create instance of class org.openqa.selenium.remote.Response
Build info: version: '4.8.0', revision: '267030adea'
System info: os.name: 'Windows 10', os.arch: 'amd64', os.version: '10.0', java.version: '11.0.2'
Driver info: driver.version: SelenideDriver
	at org.openqa.selenium.json.StaticInitializerCoercer.lambda$apply$0(StaticInitializerCoercer.java:61)
	at org.openqa.selenium.json.JsonTypeCoercer.lambda$buildCoercer$6(JsonTypeCoercer.java:145)
	at org.openqa.selenium.json.JsonTypeCoercer.coerce(JsonTypeCoercer.java:127)
	at org.openqa.selenium.json.Json.toType(Json.java:71)
	at org.openqa.selenium.json.Json.toType(Json.java:55)
	... 117 more
Caused by: java.lang.reflect.InvocationTargetException
	at java.base/jdk.internal.reflect.NativeMethodAccessorImpl.invoke0(Native Method)
	at java.base/jdk.internal.reflect.NativeMethodAccessorImpl.invoke(NativeMethodAccessorImpl.java:62)
	at java.base/jdk.internal.reflect.DelegatingMethodAccessorImpl.invoke(DelegatingMethodAccessorImpl.java:43)
	at java.base/java.lang.reflect.Method.invoke(Method.java:566)
	at org.openqa.selenium.json.StaticInitializerCoercer.lambda$apply$0(StaticInitializerCoercer.java:59)
	... 121 more
Caused by: java.lang.IllegalArgumentException: expected one element but was: &lt;unknown method, unsupported operation&gt;
	at com.google.common.collect.Iterators.getOnlyElement(Iterators.java:323)
	at com.google.common.collect.Iterators.getOnlyElement(Iterators.java:336)
	at com.google.common.collect.Iterables.getOnlyElement(Iterables.java:278)
	at org.openqa.selenium.remote.ErrorCodes.toState(ErrorCodes.java:181)
	at org.openqa.selenium.remote.Response.fromJson(Response.java:118)
	... 126 more
[Test worker] INFO com.codeborne.selenide.webdriver.WebDriverFactory - BrowserName= Version= Platform=ANDROID
[Test worker] INFO com.codeborne.selenide.webdriver.WebDriverFactory - Selenide v. 6.11.2
[Test worker] INFO com.codeborne.selenide.webdriver.WebDriverFactory - Selenium WebDriver v. 4.8.0 build revision: 267030adea
[Test worker] INFO com.codeborne.selenide.drivercommands.CreateDriverCommand - Created webdriver in thread 1: RemoteWebDriver -&gt; RemoteWebDriver:  on ANDROID (7ce19c8eaf48925c8ee618b2f6e9c0653ccbbf41)
[Test worker] INFO com.codeborne.selenide.drivercommands.DisposablesRegistry - Register WebDriverInstance[config=StaticConfig,webDriver=RemoteWebDriver:  on ANDROID (7ce19c8eaf48925c8ee618b2f6e9c0653ccbbf41),proxy=null,downloadsFolder=G:\final_project_mobile_wiki\build\downloads\1677758307830_6236_1] in 1 [size=1]
[Test worker] INFO com.codeborne.selenide.impl.FileHelper - Deleted empty folder: G:\final_project_mobile_wiki\build\downloads\1677758307830_6236_1
[Test worker] INFO com.codeborne.selenide.drivercommands.CloseDriverCommand - Close webdriver: 1 -&gt; RemoteWebDriver:  on ANDROID (7ce19c8eaf48925c8ee618b2f6e9c0653ccbbf41)...
[Test worker] INFO com.codeborne.selenide.drivercommands.CloseDriverCommand - Closed webdriver 1 in 1018 ms
[Test worker] INFO com.codeborne.selenide.drivercommands.DisposablesRegistry - Unregister WebDriverInstance[config=StaticConfig,webDriver=RemoteWebDriver:  on ANDROID (null),proxy=null,downloadsFolder=G:\final_project_mobile_wiki\build\downloads\1677758307830_6236_1] in 1 [size=0]
[Test worker] INFO com.codeborne.selenide.impl.WebDriverThreadLocalContainer - No webdriver is bound to current thread: 1 - let's create a new webdriver
[Test worker] INFO com.codeborne.selenide.impl.FileHelper - Creating folder: G:\final_project_mobile_wiki\build\downloads\1677758339987_6236_1
[Test worker] INFO com.codeborne.selenide.webdriver.SelenideNettyClientFactory - Changed readTimeout from PT3M to PT1M30S
мар. 02, 2023 2:58:59 PM org.openqa.selenium.remote.RemoteWebDriver checkNonW3CCapabilities
WARNING: Support for Legacy Capabilities is deprecated; You are sending the following invalid capabilities: [app, browserstack.key, browserstack.user, build, device, name, os_version, project]; Please update to W3C Syntax: https://www.selenium.dev/blog/2022/legacy-protocol-support/
мар. 02, 2023 2:59:22 PM org.openqa.selenium.remote.ProtocolHandshake createSession
WARNING: Support for Legacy Capabilities is deprecated; You are sending the following invalid capabilities: [app, browserstack.key, browserstack.user, build, device, name, os_version, project]; Please update to W3C Syntax: https://www.selenium.dev/blog/2022/legacy-protocol-support/
[Test worker] ERROR com.codeborne.selenide.webdriver.WebDriverFactory - Failed to set page load timeout to 15000 ms
org.openqa.selenium.remote.UnreachableBrowserException: Error communicating with the remote browser. It may have died.
Build info: version: '4.8.0', revision: '267030adea'
System info: os.name: 'Windows 10', os.arch: 'amd64', os.version: '10.0', java.version: '11.0.2'
Driver info: org.openqa.selenium.remote.RemoteWebDriver
Command: [ecfd497bac9aae16a59752a9616de8a730a7fa25, setTimeout {pageLoad=15000}]
Capabilities {64bit: false, acceptSslCert: false, acceptSslCerts: false, adbExecTimeout: 120000, appActivity: org.wikipedia.main.MainActi..., appPackage: org.wikipedia.alpha, automationName: uiautomator2, browserstack.appium_version: 1.17.0, browserstack.is_hub_canary: false, browserstack.minOSVersion: 5.0, buildName: browserstack-build-1, bundleID: org.wikipedia.alpha, bundleId: org.wikipedia.alpha, capabilities: {64bit: false, acceptSslCert: false, acceptSslCerts: false, adbExecTimeout: 120000, appActivity: org.wikipedia.main.MainActi..., appPackage: org.wikipedia.alpha, automationName: uiautomator2, browserstack.appium_version: 1.17.0, browserstack.is_hub_canary: false, browserstack.minOSVersion: 5.0, buildName: browserstack-build-1, bundleID: org.wikipedia.alpha, bundleId: org.wikipedia.alpha, chromeOptions: {w3c: false}, chromedriverPort: 18081, chromedriverPorts: [[18111, 18121]], databaseEnabled: false, detected_language: selenium/4.8.0 (java windows), device: google pixel 4, deviceApiLevel: 30, deviceManufacturer: Google, deviceModel: Pixel 4, deviceName: 9A251FFAZ00CTQ, deviceScreenDensity: 440, deviceScreenSize: 1080x2280, deviceUDID: 9A251FFAZ00CTQ, disableSuppressAccessibilityService: true, enablePerformanceLogging: false, javascriptEnabled: true, locationContextEnabled: false, mobile: {browser: mobile, version: Google Pixel 4-11.0}, nativeWebScreenshot: true, networkConnectionEnabled: true, newCommandTimeout: 0, new_bucketing: true, orig_os: android, osVersion: 11.0, os_version: 11.0, pixelRatio: 2.75, platform: ANDROID, platformName: Android, platformVersion: 11, projectName: First Java Project, realMobile: true, sessionId: ecfd497bac9aae16a59752a9616..., sessionName: first_test, skipServerInstallation: true, statBarHeight: 83, systemPort: 8201, takesScreenshot: true, udid: 9A251FFAZ00CTQ, uiautomator2ServerLaunchTimeout: 60000, version: , viewportRect: {height: 2153, left: 0, top: 83, width: 1080}, warnings: {}, webStorageEnabled: false}, chromeOptions: {w3c: false}, chromedriverPort: 18081, chromedriverPorts: [[18111, 18121]], databaseEnabled: false, detected_language: selenium/4.8.0 (java windows), device: google pixel 4, deviceApiLevel: 30, deviceManufacturer: Google, deviceModel: Pixel 4, deviceName: 9A251FFAZ00CTQ, deviceScreenDensity: 440, deviceScreenSize: 1080x2280, deviceUDID: 9A251FFAZ00CTQ, disableSuppressAccessibilityService: true, enablePerformanceLogging: false, javascriptEnabled: true, locationContextEnabled: false, mobile: {browser: mobile, version: Google Pixel 4-11.0}, nativeWebScreenshot: true, networkConnectionEnabled: true, newCommandTimeout: 0, new_bucketing: true, orig_os: android, osVersion: 11.0, os_version: 11.0, pixelRatio: 2.75, platform: ANDROID, platformName: ANDROID, platformVersion: 11, projectName: First Java Project, realMobile: true, sessionId: ecfd497bac9aae16a59752a9616..., sessionName: first_test, skipServerInstallation: true, statBarHeight: 83, systemPort: 8201, takesScreenshot: true, udid: 9A251FFAZ00CTQ, uiautomator2ServerLaunchTimeout: 60000, version: , viewportRect: {height: 2153, left: 0, top: 83, width: 1080}, warnings: {}, webStorageEnabled: false}
Session ID: ecfd497bac9aae16a59752a9616de8a730a7fa25
	at org.openqa.selenium.remote.RemoteWebDriver.execute(RemoteWebDriver.java:567)
	at org.openqa.selenium.remote.RemoteWebDriver$RemoteWebDriverOptions$RemoteTimeouts.pageLoadTimeout(RemoteWebDriver.java:899)
	at com.codeborne.selenide.webdriver.WebDriverFactory.setLoadTimeout(WebDriverFactory.java:93)
	at com.codeborne.selenide.webdriver.WebDriverFactory.createWebDriver(WebDriverFactory.java:72)
	at com.codeborne.selenide.drivercommands.CreateDriverCommand.lambda$createDriver$0(CreateDriverCommand.java:76)
	at com.codeborne.selenide.logevents.SelenideLogger.get(SelenideLogger.java:118)
	at com.codeborne.selenide.drivercommands.CreateDriverCommand.createDriver(CreateDriverCommand.java:52)
	at com.codeborne.selenide.impl.WebDriverThreadLocalContainer.createDriver(WebDriverThreadLocalContainer.java:180)
	at com.codeborne.selenide.impl.WebDriverThreadLocalContainer.getAndCheckWebDriver(WebDriverThreadLocalContainer.java:149)
	at com.codeborne.selenide.WebDriverRunner.getAndCheckWebDriver(WebDriverRunner.java:130)
	at com.codeborne.selenide.impl.StaticDriver.getAndCheckWebDriver(StaticDriver.java:65)
	at com.codeborne.selenide.SelenideDriver.getAndCheckWebDriver(SelenideDriver.java:220)
	at com.codeborne.selenide.logevents.SelenideLogger.run(SelenideLogger.java:105)
	at com.codeborne.selenide.drivercommands.Navigator.open(Navigator.java:89)
	at com.codeborne.selenide.SelenideDriver.open(SelenideDriver.java:97)
	at com.codeborne.selenide.Selenide.open(Selenide.java:128)
	at tests.TestBase.addListener(TestBase.java:38)
	at java.base/jdk.internal.reflect.NativeMethodAccessorImpl.invoke0(Native Method)
	at java.base/jdk.internal.reflect.NativeMethodAccessorImpl.invoke(NativeMethodAccessorImpl.java:62)
	at java.base/jdk.internal.reflect.DelegatingMethodAccessorImpl.invoke(DelegatingMethodAccessorImpl.java:43)
	at java.base/java.lang.reflect.Method.invoke(Method.java:566)
	at org.junit.platform.commons.util.ReflectionUtils.invokeMethod(ReflectionUtils.java:727)
	at org.junit.jupiter.engine.execution.MethodInvocation.proceed(MethodInvocation.java:60)
	at org.junit.jupiter.engine.execution.InvocationInterceptorChain$ValidatingInvocation.proceed(InvocationInterceptorChain.java:131)
	at io.qameta.allure.junit5.AllureJunit5.processFixture(AllureJunit5.java:138)
	at io.qameta.allure.junit5.AllureJunit5.interceptBeforeEachMethod(AllureJunit5.java:116)
	at org.junit.jupiter.engine.execution.InterceptingExecutableInvoker$ReflectiveInterceptorCall.lambda$ofVoidMethod$0(InterceptingExecutableInvoker.java:103)
	at org.junit.jupiter.engine.execution.InterceptingExecutableInvoker.lambda$invoke$0(InterceptingExecutableInvoker.java:93)
	at org.junit.jupiter.engine.execution.InvocationInterceptorChain$InterceptedInvocation.proceed(InvocationInterceptorChain.java:106)
	at org.junit.jupiter.engine.extension.TimeoutExtension.intercept(TimeoutExtension.java:156)
	at org.junit.jupiter.engine.extension.TimeoutExtension.interceptLifecycleMethod(TimeoutExtension.java:128)
	at org.junit.jupiter.engine.extension.TimeoutExtension.interceptBeforeEachMethod(TimeoutExtension.java:78)
	at org.junit.jupiter.engine.execution.InterceptingExecutableInvoker$ReflectiveInterceptorCall.lambda$ofVoidMethod$0(InterceptingExecutableInvoker.java:103)
	at org.junit.jupiter.engine.execution.InterceptingExecutableInvoker.lambda$invoke$0(InterceptingExecutableInvoker.java:93)
	at org.junit.jupiter.engine.execution.InvocationInterceptorChain$InterceptedInvocation.proceed(InvocationInterceptorChain.java:106)
	at org.junit.jupiter.engine.execution.InvocationInterceptorChain.proceed(InvocationInterceptorChain.java:64)
	at org.junit.jupiter.engine.execution.InvocationInterceptorChain.chainAndInvoke(InvocationInterceptorChain.java:45)
	at org.junit.jupiter.engine.execution.InvocationInterceptorChain.invoke(InvocationInterceptorChain.java:37)
	at org.junit.jupiter.engine.execution.InterceptingExecutableInvoker.invoke(InterceptingExecutableInvoker.java:92)
	at org.junit.jupiter.engine.execution.InterceptingExecutableInvoker.invoke(InterceptingExecutableInvoker.java:86)
	at org.junit.jupiter.engine.descriptor.ClassBasedTestDescriptor.invokeMethodInExtensionContext(ClassBasedTestDescriptor.java:520)
	at org.junit.jupiter.engine.descriptor.ClassBasedTestDescriptor.lambda$synthesizeBeforeEachMethodAdapter$23(ClassBasedTestDescriptor.java:505)
	at org.junit.jupiter.engine.descriptor.TestMethodTestDescriptor.lambda$invokeBeforeEachMethods$3(TestMethodTestDescriptor.java:174)
	at org.junit.jupiter.engine.descriptor.TestMethodTestDescriptor.lambda$invokeBeforeMethodsOrCallbacksUntilExceptionOccurs$6(TestMethodTestDescriptor.java:202)
	at org.junit.platform.engine.support.hierarchical.ThrowableCollector.execute(ThrowableCollector.java:73)
	at org.junit.jupiter.engine.descriptor.TestMethodTestDescriptor.invokeBeforeMethodsOrCallbacksUntilExceptionOccurs(TestMethodTestDescriptor.java:202)
	at org.junit.jupiter.engine.descriptor.TestMethodTestDescriptor.invokeBeforeEachMethods(TestMethodTestDescriptor.java:171)
	at org.junit.jupiter.engine.descriptor.TestMethodTestDescriptor.execute(TestMethodTestDescriptor.java:134)
	at org.junit.jupiter.engine.descriptor.TestMethodTestDescriptor.execute(TestMethodTestDescriptor.java:68)
	at org.junit.platform.engine.support.hierarchical.NodeTestTask.lambda$executeRecursively$6(NodeTestTask.java:151)
	at org.junit.platform.engine.support.hierarchical.ThrowableCollector.execute(ThrowableCollector.java:73)
	at org.junit.platform.engine.support.hierarchical.NodeTestTask.lambda$executeRecursively$8(NodeTestTask.java:141)
	at org.junit.platform.engine.support.hierarchical.Node.around(Node.java:137)
	at org.junit.platform.engine.support.hierarchical.NodeTestTask.lambda$executeRecursively$9(NodeTestTask.java:139)
	at org.junit.platform.engine.support.hierarchical.ThrowableCollector.execute(ThrowableCollector.java:73)
	at org.junit.platform.engine.support.hierarchical.NodeTestTask.executeRecursively(NodeTestTask.java:138)
	at org.junit.platform.engine.support.hierarchical.NodeTestTask.execute(NodeTestTask.java:95)
	at java.base/java.util.ArrayList.forEach(ArrayList.java:1540)
	at org.junit.platform.engine.support.hierarchical.SameThreadHierarchicalTestExecutorService.invokeAll(SameThreadHierarchicalTestExecutorService.java:41)
	at org.junit.platform.engine.support.hierarchical.NodeTestTask.lambda$executeRecursively$6(NodeTestTask.java:155)
	at org.junit.platform.engine.support.hierarchical.ThrowableCollector.execute(ThrowableCollector.java:73)
	at org.junit.platform.engine.support.hierarchical.NodeTestTask.lambda$executeRecursively$8(NodeTestTask.java:141)
	at org.junit.platform.engine.support.hierarchical.Node.around(Node.java:137)
	at org.junit.platform.engine.support.hierarchical.NodeTestTask.lambda$executeRecursively$9(NodeTestTask.java:139)
	at org.junit.platform.engine.support.hierarchical.ThrowableCollector.execute(ThrowableCollector.java:73)
	at org.junit.platform.engine.support.hierarchical.NodeTestTask.executeRecursively(NodeTestTask.java:138)
	at org.junit.platform.engine.support.hierarchical.NodeTestTask.execute(NodeTestTask.java:95)
	at java.base/java.util.ArrayList.forEach(ArrayList.java:1540)
	at org.junit.platform.engine.support.hierarchical.SameThreadHierarchicalTestExecutorService.invokeAll(SameThreadHierarchicalTestExecutorService.java:41)
	at org.junit.platform.engine.support.hierarchical.NodeTestTask.lambda$executeRecursively$6(NodeTestTask.java:155)
	at org.junit.platform.engine.support.hierarchical.ThrowableCollector.execute(ThrowableCollector.java:73)
	at org.junit.platform.engine.support.hierarchical.NodeTestTask.lambda$executeRecursively$8(NodeTestTask.java:141)
	at org.junit.platform.engine.support.hierarchical.Node.around(Node.java:137)
	at org.junit.platform.engine.support.hierarchical.NodeTestTask.lambda$executeRecursively$9(NodeTestTask.java:139)
	at org.junit.platform.engine.support.hierarchical.ThrowableCollector.execute(ThrowableCollector.java:73)
	at org.junit.platform.engine.support.hierarchical.NodeTestTask.executeRecursively(NodeTestTask.java:138)
	at org.junit.platform.engine.support.hierarchical.NodeTestTask.execute(NodeTestTask.java:95)
	at org.junit.platform.engine.support.hierarchical.SameThreadHierarchicalTestExecutorService.submit(SameThreadHierarchicalTestExecutorService.java:35)
	at org.junit.platform.engine.support.hierarchical.HierarchicalTestExecutor.execute(HierarchicalTestExecutor.java:57)
	at org.junit.platform.engine.support.hierarchical.HierarchicalTestEngine.execute(HierarchicalTestEngine.java:54)
	at org.junit.platform.launcher.core.EngineExecutionOrchestrator.execute(EngineExecutionOrchestrator.java:147)
	at org.junit.platform.launcher.core.EngineExecutionOrchestrator.execute(EngineExecutionOrchestrator.java:127)
	at org.junit.platform.launcher.core.EngineExecutionOrchestrator.execute(EngineExecutionOrchestrator.java:90)
	at org.junit.platform.launcher.core.EngineExecutionOrchestrator.lambda$execute$0(EngineExecutionOrchestrator.java:55)
	at org.junit.platform.launcher.core.EngineExecutionOrchestrator.withInterceptedStreams(EngineExecutionOrchestrator.java:102)
	at org.junit.platform.launcher.core.EngineExecutionOrchestrator.execute(EngineExecutionOrchestrator.java:54)
	at org.junit.platform.launcher.core.DefaultLauncher.execute(DefaultLauncher.java:114)
	at org.junit.platform.launcher.core.DefaultLauncher.execute(DefaultLauncher.java:86)
	at org.junit.platform.launcher.core.DefaultLauncherSession$DelegatingLauncher.execute(DefaultLauncherSession.java:86)
	at org.junit.platform.launcher.core.SessionPerRequestLauncher.execute(SessionPerRequestLauncher.java:53)
	at org.gradle.api.internal.tasks.testing.junitplatform.JUnitPlatformTestClassProcessor$CollectAllTestClassesExecutor.processAllTestClasses(JUnitPlatformTestClassProcessor.java:99)
	at org.gradle.api.internal.tasks.testing.junitplatform.JUnitPlatformTestClassProcessor$CollectAllTestClassesExecutor.access$000(JUnitPlatformTestClassProcessor.java:79)
	at org.gradle.api.internal.tasks.testing.junitplatform.JUnitPlatformTestClassProcessor.stop(JUnitPlatformTestClassProcessor.java:75)
	at org.gradle.api.internal.tasks.testing.SuiteTestClassProcessor.stop(SuiteTestClassProcessor.java:61)
	at java.base/jdk.internal.reflect.NativeMethodAccessorImpl.invoke0(Native Method)
	at java.base/jdk.internal.reflect.NativeMethodAccessorImpl.invoke(NativeMethodAccessorImpl.java:62)
	at java.base/jdk.internal.reflect.DelegatingMethodAccessorImpl.invoke(DelegatingMethodAccessorImpl.java:43)
	at java.base/java.lang.reflect.Method.invoke(Method.java:566)
	at org.gradle.internal.dispatch.ReflectionDispatch.dispatch(ReflectionDispatch.java:36)
	at org.gradle.internal.dispatch.ReflectionDispatch.dispatch(ReflectionDispatch.java:24)
	at org.gradle.internal.dispatch.ContextClassLoaderDispatch.dispatch(ContextClassLoaderDispatch.java:33)
	at org.gradle.internal.dispatch.ProxyDispatchAdapter$DispatchingInvocationHandler.invoke(ProxyDispatchAdapter.java:94)
	at com.sun.proxy.$Proxy2.stop(Unknown Source)
	at org.gradle.api.internal.tasks.testing.worker.TestWorker$3.run(TestWorker.java:193)
	at org.gradle.api.internal.tasks.testing.worker.TestWorker.executeAndMaintainThreadName(TestWorker.java:129)
	at org.gradle.api.internal.tasks.testing.worker.TestWorker.execute(TestWorker.java:100)
	at org.gradle.api.internal.tasks.testing.worker.TestWorker.execute(TestWorker.java:60)
	at org.gradle.process.internal.worker.child.ActionExecutionWorker.execute(ActionExecutionWorker.java:56)
	at org.gradle.process.internal.worker.child.SystemApplicationClassLoaderWorker.call(SystemApplicationClassLoaderWorker.java:133)
	at org.gradle.process.internal.worker.child.SystemApplicationClassLoaderWorker.call(SystemApplicationClassLoaderWorker.java:71)
	at worker.org.gradle.process.internal.worker.GradleWorkerMain.run(GradleWorkerMain.java:69)
	at worker.org.gradle.process.internal.worker.GradleWorkerMain.main(GradleWorkerMain.java:74)
Caused by: java.lang.IllegalArgumentException: Cannot decode response content: {&quot;status&quot;:405,&quot;value&quot;:{&quot;message&quot;:&quot;Not implemented yet for pageLoad.&quot;,&quot;sessionId&quot;:&quot;ecfd497bac9aae16a59752a9616de8a730a7fa25&quot;,&quot;capabilities&quot;:{&quot;message&quot;:&quot;Not implemented yet for pageLoad.&quot;,&quot;sessionId&quot;:&quot;ecfd497bac9aae16a59752a9616de8a730a7fa25&quot;}},&quot;sessionId&quot;:&quot;ecfd497bac9aae16a59752a9616de8a730a7fa25&quot;}
	at org.openqa.selenium.remote.codec.AbstractHttpResponseCodec.decode(AbstractHttpResponseCodec.java:86)
	at org.openqa.selenium.remote.codec.AbstractHttpResponseCodec.decode(AbstractHttpResponseCodec.java:47)
	at org.openqa.selenium.remote.HttpCommandExecutor.execute(HttpCommandExecutor.java:184)
	at org.openqa.selenium.remote.TracedCommandExecutor.execute(TracedCommandExecutor.java:51)
	at org.openqa.selenium.remote.RemoteWebDriver.execute(RemoteWebDriver.java:543)
	... 111 more
Caused by: org.openqa.selenium.json.JsonException: Unable to parse: {&quot;status&quot;:405,&quot;value&quot;:{&quot;message&quot;:&quot;Not implemented yet for pageLoad.&quot;,&quot;sessionId&quot;:&quot;ecfd497bac9aae16a59752a9616de8a730a7fa25&quot;,&quot;capabilities&quot;:{&quot;message&quot;:&quot;Not implemented yet for pageLoad.&quot;,&quot;sessionId&quot;:&quot;ecfd497bac9aae16a59752a9616de8a730a7fa25&quot;}},&quot;sessionId&quot;:&quot;ecfd497bac9aae16a59752a9616de8a730a7fa25&quot;}
	at org.openqa.selenium.json.Json.toType(Json.java:57)
	at org.openqa.selenium.json.Json.toType(Json.java:50)
	at org.openqa.selenium.remote.codec.AbstractHttpResponseCodec.decode(AbstractHttpResponseCodec.java:83)
	... 115 more
Caused by: org.openqa.selenium.json.JsonException: Unable to create instance of class org.openqa.selenium.remote.Response
Build info: version: '4.8.0', revision: '267030adea'
System info: os.name: 'Windows 10', os.arch: 'amd64', os.version: '10.0', java.version: '11.0.2'
Driver info: driver.version: SelenideDriver
	at org.openqa.selenium.json.StaticInitializerCoercer.lambda$apply$0(StaticInitializerCoercer.java:61)
	at org.openqa.selenium.json.JsonTypeCoercer.lambda$buildCoercer$6(JsonTypeCoercer.java:145)
	at org.openqa.selenium.json.JsonTypeCoercer.coerce(JsonTypeCoercer.java:127)
	at org.openqa.selenium.json.Json.toType(Json.java:71)
	at org.openqa.selenium.json.Json.toType(Json.java:55)
	... 117 more
Caused by: java.lang.reflect.InvocationTargetException
	at jdk.internal.reflect.GeneratedMethodAccessor12.invoke(Unknown Source)
	at java.base/jdk.internal.reflect.DelegatingMethodAccessorImpl.invoke(DelegatingMethodAccessorImpl.java:43)
	at java.base/java.lang.reflect.Method.invoke(Method.java:566)
	at org.openqa.selenium.json.StaticInitializerCoercer.lambda$apply$0(StaticInitializerCoercer.java:59)
	... 121 more
Caused by: java.lang.IllegalArgumentException: expected one element but was: &lt;unknown method, unsupported operation&gt;
	at com.google.common.collect.Iterators.getOnlyElement(Iterators.java:323)
	at com.google.common.collect.Iterators.getOnlyElement(Iterators.java:336)
	at com.google.common.collect.Iterables.getOnlyElement(Iterables.java:278)
	at org.openqa.selenium.remote.ErrorCodes.toState(ErrorCodes.java:181)
	at org.openqa.selenium.remote.Response.fromJson(Response.java:118)
	... 125 more
[Test worker] INFO com.codeborne.selenide.webdriver.WebDriverFactory - BrowserName= Version= Platform=ANDROID
[Test worker] INFO com.codeborne.selenide.webdriver.WebDriverFactory - Selenide v. 6.11.2
[Test worker] INFO com.codeborne.selenide.webdriver.WebDriverFactory - Selenium WebDriver v. 4.8.0 build revision: 267030adea
[Test worker] INFO com.codeborne.selenide.drivercommands.CreateDriverCommand - Created webdriver in thread 1: RemoteWebDriver -&gt; RemoteWebDriver:  on ANDROID (ecfd497bac9aae16a59752a9616de8a730a7fa25)
[Test worker] INFO com.codeborne.selenide.drivercommands.DisposablesRegistry - Register WebDriverInstance[config=StaticConfig,webDriver=RemoteWebDriver:  on ANDROID (ecfd497bac9aae16a59752a9616de8a730a7fa25),proxy=null,downloadsFolder=G:\final_project_mobile_wiki\build\downloads\1677758339987_6236_1] in 1 [size=1]
[Test worker] INFO com.codeborne.selenide.impl.FileHelper - Deleted empty folder: G:\final_project_mobile_wiki\build\downloads\1677758339987_6236_1
[Test worker] INFO com.codeborne.selenide.drivercommands.CloseDriverCommand - Close webdriver: 1 -&gt; RemoteWebDriver:  on ANDROID (ecfd497bac9aae16a59752a9616de8a730a7fa25)...
[Test worker] INFO com.codeborne.selenide.drivercommands.CloseDriverCommand - Closed webdriver 1 in 1040 ms
[Test worker] INFO com.codeborne.selenide.drivercommands.DisposablesRegistry - Unregister WebDriverInstance[config=StaticConfig,webDriver=RemoteWebDriver:  on ANDROID (null),proxy=null,downloadsFolder=G:\final_project_mobile_wiki\build\downloads\1677758339987_6236_1] in 1 [size=0]
</pre>
</span>
</div>
</div>
<div id="footer">
<p>
<div>
<label class="hidden" id="label-for-line-wrapping-toggle" for="line-wrapping-toggle">Wrap lines
<input id="line-wrapping-toggle" type="checkbox" autocomplete="off"/>
</label>
</div>Generated by 
<a href="http://www.gradle.org">Gradle 7.4.2</a> at 2 мар. 2023 г., 14:59:34</p>
</div>
</div>
</body>
</html>
